POST: Array
(
    [schoolName] => Price Robinson
    [schoolEmail] => jupe@mailinator.com
    [schoolLocation] => Debitis ullam vitae 
    [features] => Array
        (
            [0] => teacher_portal
            [1] => academic_calendar
            [2] => analytics_reports
            [3] => cbt_system
            [4] => payment_system
        )

    [hasWebsite] => yes
    [websiteUrl] => https://www.ceve.co.uk
    [adminPhone] => +1 (609) 205-7887
    [adminEmail] => dafifezoca@mailinator.com
)

FILES: Array
(
    [schoolLogo] => Array
        (
            [name] => download.jpeg
            [full_path] => download.jpeg
            [type] => image/jpeg
            [tmp_name] => C:\xampp\tmp\phpC439.tmp
            [error] => 0
            [size] => 6882
        )

)

---
POST: Array
(
    [schoolName] => Sydney Berry
    [schoolEmail] => xereriga@mailinator.com
    [schoolLocation] => Alias magna placeat
    [features] => Array
        (
            [0] => student_management
            [1] => analytics_reports
            [2] => cbt_system
            [3] => payment_system
        )

    [hasWebsite] => no
    [websiteUrl] => 
    [adminPhone] => +1 (794) 704-3286
    [adminEmail] => cokypogyqe@mailinator.com
)

FILES: Array
(
    [schoolLogo] => Array
        (
            [name] => download.jpeg
            [full_path] => download.jpeg
            [type] => image/jpeg
            [tmp_name] => C:\xampp\tmp\php5C26.tmp
            [error] => 0
            [size] => 6882
        )

)

---
